2026-02-22T04:43:49.1372124+01:00  [INF] Found 5 CSV files in FolderA (f304511a)
2026-02-22T04:43:49.1414977+01:00  [INF] Found 5 CSV files in FolderB (9543a47c)
2026-02-22T04:43:49.1430546+01:00  [INF] Processing 5 file pairs with degree of parallelism: 5 (e3f19a90)
2026-02-22T04:43:49.1546821+01:00  [INF] Reading file pair: "Customers" (1506fdbe)
2026-02-22T04:43:49.1546910+01:00  [INF] Reading file pair: "Invoices" (1506fdbe)
2026-02-22T04:43:49.1546923+01:00  [INF] Reading file pair: "Orders" (1506fdbe)
2026-02-22T04:43:49.1547191+01:00  [INF] Reading file pair: "Employees" (1506fdbe)
2026-02-22T04:43:49.1548314+01:00  [INF] Reading file pair: "Products" (1506fdbe)
2026-02-22T04:43:49.1650356+01:00  [WRN] Malformed row in '"Products.csv"' at line 4: Expected 4 columns, but found 3 (588cddd8)
2026-02-22T04:43:49.1653537+01:00  [WRN] Total malformed rows in '"Products.csv"': 1 (16a81056)
2026-02-22T04:43:49.1723340+01:00  [WRN] Malformed row in '"Invoices.csv"' at line 4: Expected 4 columns, but found 3 (588cddd8)
2026-02-22T04:43:49.1724729+01:00  [WRN] Total malformed rows in '"Invoices.csv"': 1 (16a81056)
2026-02-22T04:43:49.1776025+01:00  [WRN] Found 5 records missing matching fields in "Products" (FolderA) (93f506c8)
2026-02-22T04:43:49.1776141+01:00  [WRN] Found 5 records missing matching fields in "Orders" (FolderA) (93f506c8)
2026-02-22T04:43:49.1776815+01:00  [WRN] Found 4 records missing matching fields in "Products" (FolderB) (c45c68ba)
2026-02-22T04:43:49.1777162+01:00  [WRN] Found 4 records missing matching fields in "Orders" (FolderB) (c45c68ba)
2026-02-22T04:43:49.1784907+01:00  [WRN] Found 5 records missing matching fields in "Employees" (FolderA) (93f506c8)
2026-02-22T04:43:49.1786402+01:00  [WRN] Found 3 records missing matching fields in "Employees" (FolderB) (c45c68ba)
2026-02-22T04:43:49.2487144+01:00  [INF] Completed reconciliation for '"Customers"': Matched=3, OnlyA=2, OnlyB=1, Time=93ms (08191d80)
2026-02-22T04:43:49.2487184+01:00  [INF] Completed reconciliation for '"Employees"': Matched=0, OnlyA=0, OnlyB=0, Time=94ms (08191d80)
2026-02-22T04:43:49.2487196+01:00  [INF] Completed reconciliation for '"Products"': Matched=0, OnlyA=0, OnlyB=0, Time=93ms (08191d80)
2026-02-22T04:43:49.2487226+01:00  [INF] Completed reconciliation for '"Invoices"': Matched=3, OnlyA=2, OnlyB=1, Time=94ms (08191d80)
2026-02-22T04:43:49.2487276+01:00  [INF] Completed reconciliation for '"Orders"': Matched=0, OnlyA=0, OnlyB=0, Time=93ms (08191d80)
2026-02-22T04:43:49.2676272+01:00  [INF] Reconciliation completed successfully (bc2abc7e)
2026-02-22T04:43:49.2687902+01:00  [INF] === RECONCILIATION SUMMARY === (7f21c9d5)
2026-02-22T04:43:49.2688943+01:00  [INF] Total records in FolderA: 25 (2480ff25)
2026-02-22T04:43:49.2689483+01:00  [INF] Total records in FolderB: 19 (d0d5276d)
2026-02-22T04:43:49.2689826+01:00  [INF] Matched records: 6 (6a06488f)
2026-02-22T04:43:49.2690332+01:00  [INF] Only in FolderA: 4 (ea990b85)
2026-02-22T04:43:49.2690577+01:00  [INF] Only in FolderB: 2 (d6de1019)
2026-02-22T04:43:49.2690725+01:00  [INF] Successful pairs: 5 (57c956f1)
2026-02-22T04:43:49.2691609+01:00  [INF] Failed pairs: 0 (f94c7ad8)
2026-02-22T04:43:49.2691765+01:00  [INF] Missing files: 0 (bd55c029)
2026-02-22T04:43:49.2692016+01:00  [INF] Total processing time: 467ms (7bd25cf8)
2026-02-22T04:43:49.2692162+01:00  [INF] Summary saved to: "/mnt/c/Users/User/Desktop/CSVReconciliationTool/output/global-summary.json" (41e431f6)
