2026-02-23T03:49:01.8056909+01:00  [INF] Found 5 CSV files in FolderA (f304511a)
2026-02-23T03:49:01.8079833+01:00  [INF] Found 5 CSV files in FolderB (9543a47c)
2026-02-23T03:49:01.8106699+01:00  [INF] Processing 5 file pairs with degree of parallelism: 5 (e3f19a90)
2026-02-23T03:49:01.8195116+01:00  [INF] Reading file pair: "Customers" (1506fdbe)
2026-02-23T03:49:01.8195128+01:00  [INF] Reading file pair: "Orders" (1506fdbe)
2026-02-23T03:49:01.8195122+01:00  [INF] Reading file pair: "Invoices" (1506fdbe)
2026-02-23T03:49:01.8195541+01:00  [INF] Reading file pair: "Products" (1506fdbe)
2026-02-23T03:49:01.8195632+01:00  [INF] Reading file pair: "Employees" (1506fdbe)
2026-02-23T03:49:01.8358086+01:00  [WRN] Malformed row in '"Products.csv"' at line 4: Expected 4 columns, but found 3 (588cddd8)
2026-02-23T03:49:01.8358982+01:00  [WRN] Malformed row in '"Invoices.csv"' at line 4: Expected 4 columns, but found 3 (588cddd8)
2026-02-23T03:49:01.8361571+01:00  [WRN] Total malformed rows in '"Invoices.csv"': 1 (16a81056)
2026-02-23T03:49:01.8362042+01:00  [WRN] Total malformed rows in '"Products.csv"': 1 (16a81056)
2026-02-23T03:49:01.8789451+01:00  [INF] Completed reconciliation for '"Employees"': Matched=0, OnlyA=0, OnlyB=0, Time=59ms (08191d80)
2026-02-23T03:49:01.8789465+01:00  [INF] Completed reconciliation for '"Invoices"': Matched=2, OnlyA=2, OnlyB=2, Time=59ms (08191d80)
2026-02-23T03:49:01.8789513+01:00  [INF] Completed reconciliation for '"Customers"': Matched=3, OnlyA=2, OnlyB=1, Time=59ms (08191d80)
2026-02-23T03:49:01.8789488+01:00  [INF] Completed reconciliation for '"Products"': Matched=0, OnlyA=0, OnlyB=0, Time=59ms (08191d80)
2026-02-23T03:49:01.8789470+01:00  [INF] Completed reconciliation for '"Orders"': Matched=0, OnlyA=0, OnlyB=0, Time=59ms (08191d80)
2026-02-23T03:49:01.8934351+01:00  [INF] Reconciliation completed successfully (bc2abc7e)
2026-02-23T03:49:01.8940357+01:00  [INF] === RECONCILIATION SUMMARY === (7f21c9d5)
2026-02-23T03:49:01.8940926+01:00  [INF] Total records in FolderA: 9 (2480ff25)
2026-02-23T03:49:01.8941486+01:00  [INF] Total records in FolderB: 8 (d0d5276d)
2026-02-23T03:49:01.8941633+01:00  [INF] Matched records: 5 (6a06488f)
2026-02-23T03:49:01.8941848+01:00  [INF] Only in FolderA: 4 (ea990b85)
2026-02-23T03:49:01.8941975+01:00  [INF] Only in FolderB: 3 (d6de1019)
2026-02-23T03:49:01.8942093+01:00  [INF] Successful pairs: 5 (57c956f1)
2026-02-23T03:49:01.8942868+01:00  [INF] Failed pairs: 0 (f94c7ad8)
2026-02-23T03:49:01.8943012+01:00  [INF] Missing files: 3 (bd55c029)
2026-02-23T03:49:01.8943422+01:00  [INF] Total processing time: 295ms (7bd25cf8)
2026-02-23T03:49:01.8943662+01:00  [INF] Summary saved to: "/mnt/c/Users/User/Desktop/CSVReconciliationTool/output/global-summary.json" (41e431f6)
